<?xml version="1.0" encoding="UTF-8"?>
<testsuite xmlns:xsi="http://www.w3.org/2001/XMLSchema-instance" xsi:noNamespaceSchemaLocation="https://maven.apache.org/surefire/maven-surefire-plugin/xsd/surefire-test-report-3.0.xsd" version="3.0" name="TestSuite" time="7.959" tests="2" errors="0" skipped="0" failures="0">
  <properties>
[...]
</properties>
  <testcase name="scenario1" classname="org.DemoWorkShop.testCases.TestCase1" time="1.576"/>
  <testcase name="scenario1" classname="org.DemoWorkShop.testCases.TestCase1" time="3.005"/>
</testsuite>