<?xml version="1.0" encoding="UTF-8"?>
<testng-results ignored="0" total="2" passed="2" failed="0" skipped="0">
  <reporter-output>
  </reporter-output>
  <suite started-at="2023-06-09T07:46:55Z" name="Suite" finished-at="2023-06-09T07:47:09Z" duration-ms="14005">
    <groups>
    </groups>
    <test started-at="2023-06-09T07:46:55Z" name="Chrome Test" finished-at="2023-06-09T07:47:08Z" duration-ms="12794">
      <class name="org.DemoWorkShop.testCases.TestCase1">
        <test-method is-config="true" signature="initialSetup(java.lang.String)[pri:0, instance:org.DemoWorkShop.testCases.TestCase1@57ad2aa7]" started-at="2023-06-09T07:46:55Z" name="initialSetup" finished-at="2023-06-09T07:47:04Z" duration-ms="8336" status="PASS">
          <params>
            <param index="0">
              <value>
                <![CDATA[5555]]>
              </value>
            </param>
          </params>
          <reporter-output>
          </reporter-output>
        </test-method> <!-- initialSetup -->
        <test-method signature="scenario1()[pri:0, instance:org.DemoWorkShop.testCases.TestCase1@57ad2aa7]" started-at="2023-06-09T07:47:04Z" name="scenario1" finished-at="2023-06-09T07:47:08Z" duration-ms="4447" status="PASS">
          <reporter-output>
          </reporter-output>
        </test-method> <!-- scenario1 -->
      </class> <!-- org.DemoWorkShop.testCases.TestCase1 -->
    </test> <!-- Chrome Test -->
    <test started-at="2023-06-09T07:46:55Z" name="Firefox Test" finished-at="2023-06-09T07:47:09Z" duration-ms="14005">
      <class name="org.DemoWorkShop.testCases.TestCase1">
        <test-method is-config="true" signature="initialSetup(java.lang.String)[pri:0, instance:org.DemoWorkShop.testCases.TestCase1@6cdba6dc]" started-at="2023-06-09T07:46:55Z" name="initialSetup" finished-at="2023-06-09T07:47:03Z" duration-ms="7910" status="PASS">
          <params>
            <param index="0">
              <value>
                <![CDATA[6666]]>
              </value>
            </param>
          </params>
          <reporter-output>
          </reporter-output>
        </test-method> <!-- initialSetup -->
        <test-method signature="scenario1()[pri:0, instance:org.DemoWorkShop.testCases.TestCase1@6cdba6dc]" started-at="2023-06-09T07:47:03Z" name="scenario1" finished-at="2023-06-09T07:47:09Z" duration-ms="6081" status="PASS">
          <reporter-output>
          </reporter-output>
        </test-method> <!-- scenario1 -->
      </class> <!-- org.DemoWorkShop.testCases.TestCase1 -->
    </test> <!-- Firefox Test -->
  </suite> <!-- Suite -->
</testng-results>
