<?xml version="1.0" encoding="UTF-8"?>
<testng-results ignored="0" total="2" passed="2" failed="0" skipped="0">
  <reporter-output>
  </reporter-output>
  <suite started-at="2023-06-11T04:37:36 GMT-07:00" name="Suite" finished-at="2023-06-11T04:37:44 GMT-07:00" duration-ms="7690">
    <groups>
    </groups>
    <test started-at="2023-06-11T04:37:36 GMT-07:00" name="Chrome Test" finished-at="2023-06-11T04:37:43 GMT-07:00" duration-ms="6261">
      <class name="org.DemoWorkShop.testCases.TestCase1">
        <test-method is-config="true" signature="initialSetup(java.lang.String)[pri:0, instance:org.DemoWorkShop.testCases.TestCase1@5ccddd20]" started-at="2023-06-11T04:37:36 GMT-07:00" name="initialSetup" finished-at="2023-06-11T04:37:40 GMT-07:00" duration-ms="3720" status="PASS">
          <params>
            <param index="0">
              <value>
                <![CDATA[5555]]>
              </value>
            </param>
          </params>
          <reporter-output>
          </reporter-output>
        </test-method> <!-- initialSetup -->
        <test-method signature="scenario1()[pri:0, instance:org.DemoWorkShop.testCases.TestCase1@5ccddd20]" started-at="2023-06-11T04:37:40 GMT-07:00" name="scenario1" finished-at="2023-06-11T04:37:43 GMT-07:00" duration-ms="2519" status="PASS">
          <reporter-output>
          </reporter-output>
        </test-method> <!-- scenario1 -->
      </class> <!-- org.DemoWorkShop.testCases.TestCase1 -->
    </test> <!-- Chrome Test -->
    <test started-at="2023-06-11T04:37:36 GMT-07:00" name="Firefox Test" finished-at="2023-06-11T04:37:44 GMT-07:00" duration-ms="7690">
      <class name="org.DemoWorkShop.testCases.TestCase1">
        <test-method is-config="true" signature="initialSetup(java.lang.String)[pri:0, instance:org.DemoWorkShop.testCases.TestCase1@6f96c77]" started-at="2023-06-11T04:37:36 GMT-07:00" name="initialSetup" finished-at="2023-06-11T04:37:41 GMT-07:00" duration-ms="4671" status="PASS">
          <params>
            <param index="0">
              <value>
                <![CDATA[6666]]>
              </value>
            </param>
          </params>
          <reporter-output>
          </reporter-output>
        </test-method> <!-- initialSetup -->
        <test-method signature="scenario1()[pri:0, instance:org.DemoWorkShop.testCases.TestCase1@6f96c77]" started-at="2023-06-11T04:37:41 GMT-07:00" name="scenario1" finished-at="2023-06-11T04:37:44 GMT-07:00" duration-ms="3005" status="PASS">
          <reporter-output>
          </reporter-output>
        </test-method> <!-- scenario1 -->
      </class> <!-- org.DemoWorkShop.testCases.TestCase1 -->
    </test> <!-- Firefox Test -->
  </suite> <!-- Suite -->
</testng-results>
