<?xml version="1.0" encoding="UTF-8"?>
<testng-results ignored="0" total="2" passed="2" failed="0" skipped="0">
  <reporter-output>
  </reporter-output>
  <suite started-at="2023-06-11T03:31:42 GMT-07:00" name="Suite" finished-at="2023-06-11T03:32:28 GMT-07:00" duration-ms="45742">
    <groups>
    </groups>
    <test started-at="2023-06-11T03:31:42 GMT-07:00" name="Firefox Test" finished-at="2023-06-11T03:32:27 GMT-07:00" duration-ms="44508">
      <class name="org.DemoWorkShop.testCases.TestCase1">
        <test-method is-config="true" signature="initialSetup(java.lang.String)[pri:0, instance:org.DemoWorkShop.testCases.TestCase1@34a3d150]" started-at="2023-06-11T03:31:42 GMT-07:00" name="initialSetup" finished-at="2023-06-11T03:32:20 GMT-07:00" duration-ms="38213" status="PASS">
          <params>
            <param index="0">
              <value>
                <![CDATA[6666]]>
              </value>
            </param>
          </params>
          <reporter-output>
          </reporter-output>
        </test-method> <!-- initialSetup -->
        <test-method signature="scenario1()[pri:0, instance:org.DemoWorkShop.testCases.TestCase1@34a3d150]" started-at="2023-06-11T03:32:20 GMT-07:00" name="scenario1" finished-at="2023-06-11T03:32:27 GMT-07:00" duration-ms="6271" status="PASS">
          <reporter-output>
          </reporter-output>
        </test-method> <!-- scenario1 -->
      </class> <!-- org.DemoWorkShop.testCases.TestCase1 -->
    </test> <!-- Firefox Test -->
    <test started-at="2023-06-11T03:31:42 GMT-07:00" name="Chrome Test" finished-at="2023-06-11T03:32:28 GMT-07:00" duration-ms="45742">
      <class name="org.DemoWorkShop.testCases.TestCase1">
        <test-method is-config="true" signature="initialSetup(java.lang.String)[pri:0, instance:org.DemoWorkShop.testCases.TestCase1@16d04d3d]" started-at="2023-06-11T03:31:42 GMT-07:00" name="initialSetup" finished-at="2023-06-11T03:32:21 GMT-07:00" duration-ms="38589" status="PASS">
          <params>
            <param index="0">
              <value>
                <![CDATA[5555]]>
              </value>
            </param>
          </params>
          <reporter-output>
          </reporter-output>
        </test-method> <!-- initialSetup -->
        <test-method signature="scenario1()[pri:0, instance:org.DemoWorkShop.testCases.TestCase1@16d04d3d]" started-at="2023-06-11T03:32:21 GMT-07:00" name="scenario1" finished-at="2023-06-11T03:32:28 GMT-07:00" duration-ms="7138" status="PASS">
          <reporter-output>
          </reporter-output>
        </test-method> <!-- scenario1 -->
      </class> <!-- org.DemoWorkShop.testCases.TestCase1 -->
    </test> <!-- Chrome Test -->
  </suite> <!-- Suite -->
</testng-results>
