<?xml version="1.0" encoding="UTF-8"?>
<testng-results ignored="0" total="1" passed="1" failed="0" skipped="0">
  <reporter-output>
  </reporter-output>
  <suite started-at="2023-06-07T11:35:13 IST" name="Default suite" finished-at="2023-06-07T11:35:21 IST" duration-ms="8107">
    <groups>
    </groups>
    <test started-at="2023-06-07T11:35:13 IST" name="Default test" finished-at="2023-06-07T11:35:21 IST" duration-ms="8107">
      <class name="org.DemoWorkShop.testCases.TestCase1">
        <test-method is-config="true" signature="initialSetup()[pri:0, instance:org.DemoWorkShop.testCases.TestCase1@3059cbc]" started-at="2023-06-07T11:35:13 IST" name="initialSetup" finished-at="2023-06-07T11:35:18 IST" duration-ms="4618" status="PASS">
          <reporter-output>
          </reporter-output>
        </test-method> <!-- initialSetup -->
        <test-method signature="scenario1()[pri:0, instance:org.DemoWorkShop.testCases.TestCase1@3059cbc]" started-at="2023-06-07T11:35:18 IST" name="scenario1" finished-at="2023-06-07T11:35:21 IST" duration-ms="3444" status="PASS">
          <reporter-output>
          </reporter-output>
        </test-method> <!-- scenario1 -->
      </class> <!-- org.DemoWorkShop.testCases.TestCase1 -->
    </test> <!-- Default test -->
  </suite> <!-- Default suite -->
</testng-results>
